<?xml version="1.0" encoding="UTF-8"?>
<testng-results skipped="0" failed="0" total="1" passed="1">
  <reporter-output>
  </reporter-output>
  <suite name="Default suite" duration-ms="25861" started-at="2021-08-11T03:41:31Z" finished-at="2021-08-11T03:41:56Z">
    <groups>
    </groups>
    <test name="Default test" duration-ms="25861" started-at="2021-08-11T03:41:31Z" finished-at="2021-08-11T03:41:56Z">
      <class name="Nativedemos.Demos">
        <test-method status="PASS" signature="setup()[pri:0, instance:Nativedemos.Demos@41eaa2]" name="setup" is-config="true" duration-ms="16371" started-at="2021-08-11T09:11:31Z" finished-at="2021-08-11T09:11:47Z">
          <reporter-output>
          </reporter-output>
        </test-method> <!-- setup -->
        <test-method status="PASS" signature="testcase6()[pri:0, instance:Nativedemos.Demos@41eaa2]" name="testcase6" duration-ms="9465" started-at="2021-08-11T09:11:47Z" finished-at="2021-08-11T09:11:56Z">
          <reporter-output>
          </reporter-output>
        </test-method> <!-- testcase6 -->
      </class> <!-- Nativedemos.Demos -->
    </test> <!-- Default test -->
  </suite> <!-- Default suite -->
</testng-results>
